<?xml version="1.0" encoding="UTF-8"?>
<testsuite name="com.example.do_an_cs3.ExampleUnitTest" tests="1" skipped="0" failures="0" errors="0" timestamp="2024-06-04T16:34:11" hostname="LAPTOP-GNH0PENP" time="0.003">
  <properties/>
  <testcase name="addition_isCorrect" classname="com.example.do_an_cs3.ExampleUnitTest" time="0.003"/>
  <system-out><![CDATA[]]></system-out>
  <system-err><![CDATA[]]></system-err>
</testsuite>
